生成启动时间为 2014/3/18 18:28:40。
     1>项目“C:\Users\YunYun\Desktop\homesoft\msvc\homesoft\homesoft.vcxproj”在节点 3 上(build 个目标)。
     1>InitializeBuildStatus:
         正在创建“homesoft.dir\Debug\homesoft.unsuccessfulbuild”，因为已指定“AlwaysCreate”。
       CustomBuild:
         Building Custom Rule C:/Users/YunYun/Desktop/homesoft/homesoft/CMakeLists.txt
         CMake does not need to re-run because C:\Users\YunYun\Desktop\homesoft\msvc\homesoft\CMakeFiles\generate.stamp is up-to-date.
         Generating moc_mainwindow.cxx
         Generating moc_addbuyorderdialog.cxx
         Generating moc_additemdialog.cxx
         Generating moc_adduserdialog.cxx
         Generating moc_querybydatedialog.cxx
         Generating moc_querybynameanddatedialog.cxx
         Generating moc_countermonthdialog.cxx
         Generating moc_counterbymonthanduserdialog.cxx
         Generating qrc_dockwidgets.cxx
       MakeDirsForCl:
         正在创建目录“C:\Users\YunYun\Desktop\homesoft\msvc\homesoft\Debug”。
       ClCompile:
         D:\Program Files (x86)\Microsoft Visual Studio 10.0\VC\bin\CL.exe /c /I"E:\qt-4.8.5\include" /I"E:\qt-4.8.5\include\QtGui" /I"E:\qt-4.8.5\include\QtCore" /I"E:\qt-4.8.5\include\ActiveQt" /I"E:\qt-4.8.5\include\QtDesigner" /I"E:\qt-4.8.5\include\QtDeclarative" /I"E:\qt-4.8.5\include\QtScriptTools" /I"E:\qt-4.8.5\include\QtDBus" /I"E:\qt-4.8.5\include\QtXml" /I"E:\qt-4.8.5\include\QtSql" /I"E:\qt-4.8.5\include\QtOpenGL" /I"E:\qt-4.8.5\include\QtMultimedia" /I"E:\qt-4.8.5\include\QtNetwork" /I"E:\qt-4.8.5\include\phonon" /I"E:\qt-4.8.5\include\QtXmlPatterns" /I"E:\qt-4.8.5\include\QtWebKit" /I"E:\qt-4.8.5\include\QtHelp" /I"E:\qt-4.8.5\include\QtUiTools" /I"E:\qt-4.8.5\include\QtTest" /I"E:\qt-4.8.5\include\QtScript" /I"E:\qt-4.8.5\include\QtSvg" /I"E:\qt-4.8.5\include\Qt3Support" /I"E:\qt-4.8.5\mkspecs\default" /IC:\Users\YunYun\Desktop\homesoft\msvc\Gui /Zi /nologo /W3 /WX- /Od /Ob0 /Oy- /D WIN32 /D _WINDOWS /D _DEBUG /D QT_DLL /D QT_GUI_LIB /D QT_CORE_LIB /D QT_DEBUG /D "CMAKE_INTDIR=\"Debug\"" /D _MBCS /Gm- /EHsc /RTC1 /MDd /GS /fp:precise /Zc:wchar_t /Zc:forScope /GR /Fo"homesoft.dir\Debug\\" /Fd"homesoft.dir\Debug\vc100.pdb" /Gd /TP /analyze- /errorReport:prompt ..\..\homesoft\addbuyorderdialog.cpp ..\..\homesoft\additemdialog.cpp ..\..\homesoft\additemstyletransaction.cpp ..\..\homesoft\addordertransaction.cpp ..\..\homesoft\adduserdialog.cpp ..\..\homesoft\addusertransaction.cpp ..\..\homesoft\counterbymonthanduserdialog.cpp ..\..\homesoft\counterbymonthandusertransaction.cpp ..\..\homesoft\countermonthdialog.cpp ..\..\homesoft\countermonthtransaction.cpp ..\..\homesoft\countertransaction.cpp ..\..\homesoft\loadtransaction.cpp ..\..\homesoft\main.cpp ..\..\homesoft\mainwindow.cpp ..\..\homesoft\menudatabase.cpp ..\..\homesoft\order.cpp ..\..\homesoft\querybydatedialog.cpp ..\..\homesoft\querybydatetransaction.cpp ..\..\homesoft\querybynameanddatedialog.cpp ..\..\homesoft\querybynameanddatetransaction.cpp ..\..\homesoft\querytransaction.cpp ..\..\homesoft\savetransaction.cpp ..\..\homesoft\transaction.cpp moc_mainwindow.cxx moc_addbuyorderdialog.cxx moc_additemdialog.cxx moc_adduserdialog.cxx moc_querybydatedialog.cxx moc_querybynameanddatedialog.cxx moc_countermonthdialog.cxx moc_counterbymonthanduserdialog.cxx qrc_dockwidgets.cxx
         addbuyorderdialog.cpp
         additemdialog.cpp
         additemstyletransaction.cpp
         addordertransaction.cpp
         adduserdialog.cpp
         addusertransaction.cpp
         counterbymonthanduserdialog.cpp
         counterbymonthandusertransaction.cpp
         countermonthdialog.cpp
         countermonthtransaction.cpp
         countertransaction.cpp
         loadtransaction.cpp
         main.cpp
         mainwindow.cpp
         menudatabase.cpp
         order.cpp
         querybydatedialog.cpp
         querybydatetransaction.cpp
         querybynameanddatedialog.cpp
         querybynameanddatetransaction.cpp
         正在生成代码...
         正在编译...
         querytransaction.cpp
         savetransaction.cpp
         transaction.cpp
         moc_mainwindow.cxx
         moc_addbuyorderdialog.cxx
         moc_additemdialog.cxx
         moc_adduserdialog.cxx
         moc_querybydatedialog.cxx
         moc_querybynameanddatedialog.cxx
         moc_countermonthdialog.cxx
         moc_counterbymonthanduserdialog.cxx
         qrc_dockwidgets.cxx
         正在生成代码...
       ManifestResourceCompile:
         C:\Program Files (x86)\Microsoft SDKs\Windows\v7.0A\bin\rc.exe /nologo /fo"homesoft.dir\Debug\homesoft.exe.embed.manifest.res" homesoft.dir\Debug\homesoft_manifest.rc 
       Link:
         D:\Program Files (x86)\Microsoft Visual Studio 10.0\VC\bin\link.exe /ERRORREPORT:PROMPT /OUT:"C:\Users\YunYun\Desktop\homesoft\msvc\bin\Debug\homesoft.exe" /INCREMENTAL /NOLOGO kernel32.lib user32.lib gdi32.lib winspool.lib shell32.lib ole32.lib oleaut32.lib uuid.lib comdlg32.lib advapi32.lib "E:\qt-4.8.5\lib\qtmaind.lib" "E:\qt-4.8.5\lib\QtGuid4.lib" "E:\qt-4.8.5\lib\QtCored4.lib" /MANIFEST /ManifestFile:"homesoft.dir\Debug\homesoft.exe.intermediate.manifest" /MANIFESTUAC:"level='asInvoker' uiAccess='false'" /DEBUG /PDB:"C:/Users/YunYun/Desktop/homesoft/msvc/bin/Debug/homesoft.pdb" /SUBSYSTEM:WINDOWS /TLBID:1 /DYNAMICBASE /NXCOMPAT /IMPLIB:"C:/Users/YunYun/Desktop/homesoft/msvc/bin/Debug/homesoft.lib" /MACHINE:X86 homesoft.dir\Debug\homesoft.exe.embed.manifest.res
         homesoft.dir\Debug\addbuyorderdialog.obj
         homesoft.dir\Debug\additemdialog.obj
         homesoft.dir\Debug\additemstyletransaction.obj
         homesoft.dir\Debug\addordertransaction.obj
         homesoft.dir\Debug\adduserdialog.obj
         homesoft.dir\Debug\addusertransaction.obj
         homesoft.dir\Debug\counterbymonthanduserdialog.obj
         homesoft.dir\Debug\counterbymonthandusertransaction.obj
         homesoft.dir\Debug\countermonthdialog.obj
         homesoft.dir\Debug\countermonthtransaction.obj
         homesoft.dir\Debug\countertransaction.obj
         homesoft.dir\Debug\loadtransaction.obj
         homesoft.dir\Debug\main.obj
         homesoft.dir\Debug\mainwindow.obj
         homesoft.dir\Debug\menudatabase.obj
         homesoft.dir\Debug\order.obj
         homesoft.dir\Debug\querybydatedialog.obj
         homesoft.dir\Debug\querybydatetransaction.obj
         homesoft.dir\Debug\querybynameanddatedialog.obj
         homesoft.dir\Debug\querybynameanddatetransaction.obj
         homesoft.dir\Debug\querytransaction.obj
         homesoft.dir\Debug\savetransaction.obj
         homesoft.dir\Debug\transaction.obj
         homesoft.dir\Debug\moc_mainwindow.obj
         homesoft.dir\Debug\moc_addbuyorderdialog.obj
         homesoft.dir\Debug\moc_additemdialog.obj
         homesoft.dir\Debug\moc_adduserdialog.obj
         homesoft.dir\Debug\moc_querybydatedialog.obj
         homesoft.dir\Debug\moc_querybynameanddatedialog.obj
         homesoft.dir\Debug\moc_countermonthdialog.obj
         homesoft.dir\Debug\moc_counterbymonthanduserdialog.obj
         homesoft.dir\Debug\qrc_dockwidgets.obj  /machine:X86 /debug 
       Manifest:
         C:\Program Files (x86)\Microsoft SDKs\Windows\v7.0A\bin\mt.exe /nologo /verbose /out:"homesoft.dir\Debug\homesoft.exe.embed.manifest" /manifest homesoft.dir\Debug\homesoft.exe.intermediate.manifest
         C:\Program Files (x86)\Microsoft SDKs\Windows\v7.0A\bin\rc.exe /nologo /fo"homesoft.dir\Debug\homesoft.exe.embed.manifest.res" homesoft.dir\Debug\homesoft_manifest.rc 
       LinkEmbedManifest:
         D:\Program Files (x86)\Microsoft Visual Studio 10.0\VC\bin\link.exe /ERRORREPORT:PROMPT /OUT:"C:\Users\YunYun\Desktop\homesoft\msvc\bin\Debug\homesoft.exe" /INCREMENTAL /NOLOGO kernel32.lib user32.lib gdi32.lib winspool.lib shell32.lib ole32.lib oleaut32.lib uuid.lib comdlg32.lib advapi32.lib "E:\qt-4.8.5\lib\qtmaind.lib" "E:\qt-4.8.5\lib\QtGuid4.lib" "E:\qt-4.8.5\lib\QtCored4.lib" /MANIFEST /ManifestFile:"homesoft.dir\Debug\homesoft.exe.intermediate.manifest" /MANIFESTUAC:"level='asInvoker' uiAccess='false'" /DEBUG /PDB:"C:/Users/YunYun/Desktop/homesoft/msvc/bin/Debug/homesoft.pdb" /SUBSYSTEM:WINDOWS /TLBID:1 /DYNAMICBASE /NXCOMPAT /IMPLIB:"C:/Users/YunYun/Desktop/homesoft/msvc/bin/Debug/homesoft.lib" /MACHINE:X86 homesoft.dir\Debug\homesoft.exe.embed.manifest.res
         homesoft.dir\Debug\addbuyorderdialog.obj
         homesoft.dir\Debug\additemdialog.obj
         homesoft.dir\Debug\additemstyletransaction.obj
         homesoft.dir\Debug\addordertransaction.obj
         homesoft.dir\Debug\adduserdialog.obj
         homesoft.dir\Debug\addusertransaction.obj
         homesoft.dir\Debug\counterbymonthanduserdialog.obj
         homesoft.dir\Debug\counterbymonthandusertransaction.obj
         homesoft.dir\Debug\countermonthdialog.obj
         homesoft.dir\Debug\countermonthtransaction.obj
         homesoft.dir\Debug\countertransaction.obj
         homesoft.dir\Debug\loadtransaction.obj
         homesoft.dir\Debug\main.obj
         homesoft.dir\Debug\mainwindow.obj
         homesoft.dir\Debug\menudatabase.obj
         homesoft.dir\Debug\order.obj
         homesoft.dir\Debug\querybydatedialog.obj
         homesoft.dir\Debug\querybydatetransaction.obj
         homesoft.dir\Debug\querybynameanddatedialog.obj
         homesoft.dir\Debug\querybynameanddatetransaction.obj
         homesoft.dir\Debug\querytransaction.obj
         homesoft.dir\Debug\savetransaction.obj
         homesoft.dir\Debug\transaction.obj
         homesoft.dir\Debug\moc_mainwindow.obj
         homesoft.dir\Debug\moc_addbuyorderdialog.obj
         homesoft.dir\Debug\moc_additemdialog.obj
         homesoft.dir\Debug\moc_adduserdialog.obj
         homesoft.dir\Debug\moc_querybydatedialog.obj
         homesoft.dir\Debug\moc_querybynameanddatedialog.obj
         homesoft.dir\Debug\moc_countermonthdialog.obj
         homesoft.dir\Debug\moc_counterbymonthanduserdialog.obj
         homesoft.dir\Debug\qrc_dockwidgets.obj  /machine:X86 /debug 
         homesoft.vcxproj -> C:\Users\YunYun\Desktop\homesoft\msvc\bin\Debug\homesoft.exe
       FinalizeBuildStatus:
         正在删除文件“homesoft.dir\Debug\homesoft.unsuccessfulbuild”。
         正在对“homesoft.dir\Debug\homesoft.lastbuildstate”执行 Touch 任务。
     1>已完成生成项目“C:\Users\YunYun\Desktop\homesoft\msvc\homesoft\homesoft.vcxproj”(build 个目标)的操作。

生成成功。

已用时间 00:00:30.28
