生成启动时间为 2014/3/18 18:29:19。
     1>项目“C:\Users\YunYun\Desktop\homesoft\msvc\homesoft\homesoft.vcxproj”在节点 3 上(build 个目标)。
     1>PrepareForBuild:
         正在创建目录“C:\Users\YunYun\Desktop\homesoft\msvc\bin\Release\”。
       InitializeBuildStatus:
         正在创建“homesoft.dir\Release\homesoft.unsuccessfulbuild”，因为已指定“AlwaysCreate”。
       CustomBuild:
         Building Custom Rule C:/Users/YunYun/Desktop/homesoft/homesoft/CMakeLists.txt
         CMake does not need to re-run because C:\Users\YunYun\Desktop\homesoft\msvc\homesoft\CMakeFiles\generate.stamp is up-to-date.
         Generating moc_mainwindow.cxx
         Generating moc_addbuyorderdialog.cxx
         Generating moc_additemdialog.cxx
         Generating moc_adduserdialog.cxx
         Generating moc_querybydatedialog.cxx
         Generating moc_querybynameanddatedialog.cxx
         Generating moc_countermonthdialog.cxx
         Generating moc_counterbymonthanduserdialog.cxx
         Generating qrc_dockwidgets.cxx
       MakeDirsForCl:
         正在创建目录“C:\Users\YunYun\Desktop\homesoft\msvc\homesoft\Release”。
       ClCompile:
         D:\Program Files (x86)\Microsoft Visual Studio 10.0\VC\bin\CL.exe /c /I"E:\qt-4.8.5\include" /I"E:\qt-4.8.5\include\QtGui" /I"E:\qt-4.8.5\include\QtCore" /I"E:\qt-4.8.5\include\ActiveQt" /I"E:\qt-4.8.5\include\QtDesigner" /I"E:\qt-4.8.5\include\QtDeclarative" /I"E:\qt-4.8.5\include\QtScriptTools" /I"E:\qt-4.8.5\include\QtDBus" /I"E:\qt-4.8.5\include\QtXml" /I"E:\qt-4.8.5\include\QtSql" /I"E:\qt-4.8.5\include\QtOpenGL" /I"E:\qt-4.8.5\include\QtMultimedia" /I"E:\qt-4.8.5\include\QtNetwork" /I"E:\qt-4.8.5\include\phonon" /I"E:\qt-4.8.5\include\QtXmlPatterns" /I"E:\qt-4.8.5\include\QtWebKit" /I"E:\qt-4.8.5\include\QtHelp" /I"E:\qt-4.8.5\include\QtUiTools" /I"E:\qt-4.8.5\include\QtTest" /I"E:\qt-4.8.5\include\QtScript" /I"E:\qt-4.8.5\include\QtSvg" /I"E:\qt-4.8.5\include\Qt3Support" /I"E:\qt-4.8.5\mkspecs\default" /IC:\Users\YunYun\Desktop\homesoft\msvc\Gui /nologo /W3 /WX- /O2 /Ob2 /Oy- /D WIN32 /D _WINDOWS /D NDEBUG /D QT_DLL /D QT_GUI_LIB /D QT_CORE_LIB /D QT_NO_DEBUG /D "CMAKE_INTDIR=\"Release\"" /D _MBCS /Gm- /EHsc /MD /GS /fp:precise /Zc:wchar_t /Zc:forScope /GR /Fo"homesoft.dir\Release\\" /Fd"homesoft.dir\Release\vc100.pdb" /Gd /TP /analyze- /errorReport:prompt ..\..\homesoft\addbuyorderdialog.cpp ..\..\homesoft\additemdialog.cpp ..\..\homesoft\additemstyletransaction.cpp ..\..\homesoft\addordertransaction.cpp ..\..\homesoft\adduserdialog.cpp ..\..\homesoft\addusertransaction.cpp ..\..\homesoft\counterbymonthanduserdialog.cpp ..\..\homesoft\counterbymonthandusertransaction.cpp ..\..\homesoft\countermonthdialog.cpp ..\..\homesoft\countermonthtransaction.cpp ..\..\homesoft\countertransaction.cpp ..\..\homesoft\loadtransaction.cpp ..\..\homesoft\main.cpp ..\..\homesoft\mainwindow.cpp ..\..\homesoft\menudatabase.cpp ..\..\homesoft\order.cpp ..\..\homesoft\querybydatedialog.cpp ..\..\homesoft\querybydatetransaction.cpp ..\..\homesoft\querybynameanddatedialog.cpp ..\..\homesoft\querybynameanddatetransaction.cpp ..\..\homesoft\querytransaction.cpp ..\..\homesoft\savetransaction.cpp ..\..\homesoft\transaction.cpp moc_mainwindow.cxx moc_addbuyorderdialog.cxx moc_additemdialog.cxx moc_adduserdialog.cxx moc_querybydatedialog.cxx moc_querybynameanddatedialog.cxx moc_countermonthdialog.cxx moc_counterbymonthanduserdialog.cxx qrc_dockwidgets.cxx
         addbuyorderdialog.cpp
         additemdialog.cpp
         additemstyletransaction.cpp
         addordertransaction.cpp
         adduserdialog.cpp
         addusertransaction.cpp
         counterbymonthanduserdialog.cpp
         counterbymonthandusertransaction.cpp
         countermonthdialog.cpp
         countermonthtransaction.cpp
         countertransaction.cpp
         loadtransaction.cpp
         main.cpp
         mainwindow.cpp
         menudatabase.cpp
         order.cpp
         querybydatedialog.cpp
         querybydatetransaction.cpp
         querybynameanddatedialog.cpp
         querybynameanddatetransaction.cpp
         正在生成代码...
         正在编译...
         querytransaction.cpp
         savetransaction.cpp
         transaction.cpp
         moc_mainwindow.cxx
         moc_addbuyorderdialog.cxx
         moc_additemdialog.cxx
         moc_adduserdialog.cxx
         moc_querybydatedialog.cxx
         moc_querybynameanddatedialog.cxx
         moc_countermonthdialog.cxx
         moc_counterbymonthanduserdialog.cxx
         qrc_dockwidgets.cxx
         正在生成代码...
       Link:
         D:\Program Files (x86)\Microsoft Visual Studio 10.0\VC\bin\link.exe /ERRORREPORT:PROMPT /OUT:"C:\Users\YunYun\Desktop\homesoft\msvc\bin\Release\homesoft.exe" /INCREMENTAL:NO /NOLOGO kernel32.lib user32.lib gdi32.lib winspool.lib shell32.lib ole32.lib oleaut32.lib uuid.lib comdlg32.lib advapi32.lib "E:\qt-4.8.5\lib\qtmain.lib" "E:\qt-4.8.5\lib\QtGui4.lib" "E:\qt-4.8.5\lib\QtCore4.lib" /MANIFEST /ManifestFile:"homesoft.dir\Release\homesoft.exe.intermediate.manifest" /MANIFESTUAC:"level='asInvoker' uiAccess='false'" /PDB:"C:/Users/YunYun/Desktop/homesoft/msvc/bin/Release/homesoft.pdb" /SUBSYSTEM:WINDOWS /TLBID:1 /DYNAMICBASE /NXCOMPAT /IMPLIB:"C:/Users/YunYun/Desktop/homesoft/msvc/bin/Release/homesoft.lib" /MACHINE:X86 homesoft.dir\Release\addbuyorderdialog.obj
         homesoft.dir\Release\additemdialog.obj
         homesoft.dir\Release\additemstyletransaction.obj
         homesoft.dir\Release\addordertransaction.obj
         homesoft.dir\Release\adduserdialog.obj
         homesoft.dir\Release\addusertransaction.obj
         homesoft.dir\Release\counterbymonthanduserdialog.obj
         homesoft.dir\Release\counterbymonthandusertransaction.obj
         homesoft.dir\Release\countermonthdialog.obj
         homesoft.dir\Release\countermonthtransaction.obj
         homesoft.dir\Release\countertransaction.obj
         homesoft.dir\Release\loadtransaction.obj
         homesoft.dir\Release\main.obj
         homesoft.dir\Release\mainwindow.obj
         homesoft.dir\Release\menudatabase.obj
         homesoft.dir\Release\order.obj
         homesoft.dir\Release\querybydatedialog.obj
         homesoft.dir\Release\querybydatetransaction.obj
         homesoft.dir\Release\querybynameanddatedialog.obj
         homesoft.dir\Release\querybynameanddatetransaction.obj
         homesoft.dir\Release\querytransaction.obj
         homesoft.dir\Release\savetransaction.obj
         homesoft.dir\Release\transaction.obj
         homesoft.dir\Release\moc_mainwindow.obj
         homesoft.dir\Release\moc_addbuyorderdialog.obj
         homesoft.dir\Release\moc_additemdialog.obj
         homesoft.dir\Release\moc_adduserdialog.obj
         homesoft.dir\Release\moc_querybydatedialog.obj
         homesoft.dir\Release\moc_querybynameanddatedialog.obj
         homesoft.dir\Release\moc_countermonthdialog.obj
         homesoft.dir\Release\moc_counterbymonthanduserdialog.obj
         homesoft.dir\Release\qrc_dockwidgets.obj  /machine:X86 
         homesoft.vcxproj -> C:\Users\YunYun\Desktop\homesoft\msvc\bin\Release\homesoft.exe
       Manifest:
         C:\Program Files (x86)\Microsoft SDKs\Windows\v7.0A\bin\mt.exe /nologo /verbose /outputresource:"C:\Users\YunYun\Desktop\homesoft\msvc\bin\Release\homesoft.exe;#1" /manifest homesoft.dir\Release\homesoft.exe.intermediate.manifest
       FinalizeBuildStatus:
         正在删除文件“homesoft.dir\Release\homesoft.unsuccessfulbuild”。
         正在对“homesoft.dir\Release\homesoft.lastbuildstate”执行 Touch 任务。
     1>已完成生成项目“C:\Users\YunYun\Desktop\homesoft\msvc\homesoft\homesoft.vcxproj”(build 个目标)的操作。

生成成功。

已用时间 00:00:19.78
